NPIp>Tdma1 ini_ver 0x00000001
ETH trim = 00001BFC
speed 0000029A
Non S3
>ddr2
dma ok
LZID
CHKSUM UNZOK!
Loader Start ...
LD_VER 02.01.02
 
562_DRAM1_666_512Mb 04/28/2021 19:51:39
 
No card inserted
SPI NOR MID=00000020,TYPE=00000070,SIZE=00000017=>00800000
SPI NOR
Dual_read
tmp_addr 0x02000000
LdCtrl2 0x00000000
Dual_read
uboot_addr 0x03900000
uboot_size 0x006C0000
Dual_read
compress header 0x0000005D
inbuf 0x02000000
outbuf 0x03900000
in_len 0x00030000
E:.E:.E:.E:.E:.E:.E:.E:.nodep 0x00103654
NVT_LINUX_SMP_OFFfdt 0x00100000
shm 0x00200000
jump 0x03900000
 
U-Boot 2019.04 (Apr 28 2021 - 19:51:51 +0800)
 
CPU:   Novatek NT @ 960 MHz
DRAM:  64 MiB
Relocation to 0x03ee9000, Offset is 0x005e9000 sp at 03bd4120
ARM CA9 global timer had already been initiated
Loading Environment from SPI Flash... @nvt_spinor_probe_slave(): sr1: 0x28, sr2: 0xFF
id =  0x20 0x70 0x17 0x20 0x00
eFlashType: 17.
Flash Name: XM_XM25QH64A{0x207017), 0x800000.
@nvt_spinor_validate_params(), XmSpiNor_ProtMgr_probe(): OK.
STDR64FW with page size 256 Bytes, erase size 64 KiB, total 8 MiB
CONFIG_CLOSE_SPI_8PIN_4IO = y.
lk=>10, 0x780000.
SRx val: {[1, 0x28], [0, 0x0], [0, 0x0], [0, 0x0]}, SrVal: 0x100000000000028.
nvt spinor 1-bit mode @ 48000000 Hz, read_opcode: 0x3B, program_opcode: 0x2.
OK
@nvt_spinor_probe_slave(): sr1: 0x28, sr2: 0xFF
id =  0x20 0x70 0x17 0x20 0x00
eFlashType: 17.
Flash Name: XM_XM25QH64A{0x207017), 0x800000.
@nvt_spinor_validate_params(), XmSpiNor_ProtMgr_probe(): OK.
STDR64FW with page size 256 Bytes, erase size 64 KiB, total 8 MiB
CONFIG_CLOSE_SPI_8PIN_4IO = y.
lk=>10, 0x780000.
SRx val: {[1, 0x28], [0, 0x0], [0, 0x0], [0, 0x0]}, SrVal: 0x100000000000028.
nvt spinor 1-bit mode @ 48000000 Hz, read_opcode: 0x3B, program_opcode: 0x2.
@do_spi_flash_probe() flash->erase_size: 65536, flash->sector_size: 65536
Net:   na51089_eth_initialize 1.0.0.1
phy interface: LED2
phy interface: INTERNAL MII
eth_na51089
Warning: eth_na51089 MAC addresses don't match:
Address in SROM is         00:80:48:ba:d1:30
Address in environment is  00:12:31:98:71:6a
 
Hit X to stop autoboot:  0
nvt@na51089: <INTERRUPT>
nvt@na51089: <INTERRUPT>
nvt@na51089: <INTERRUPT>
nvt@na51089: <INTERRUPT>
nvt@na51089: <INTERRUPT>
nvt@na51089: <INTERRUPT>
nvt@na51089: <INTERRUPT>
nvt@na51089: <INTERRUPT>
nvt@na51089: <INTERRUPT>
nvt@na51089: printenv
NID=0x0952
appNetIP=0x0A01A8C00x00FFFFFF0x0101A8C0
arch=arm
baudrate=115200
board=nvt-na51055
board_name=nvt-na51055
bootargs=earlyprintk console=ttyS0,115200 init=linuxrc mem=${osmem} rootwait nprofile_irq_duration=on root=/dev/mtdblock2 rootfstype=squashfs mtdparts=spi_nor.0:0x10000(loader),0x30000(boot),0x2E0000(romfs),0x420000(usr),0x40000(web),0x30000(custom),0x50000(mtd)
bootcmd=setenv setargs setenv bootargs ${bootargs};run setargs;run loadromfs
bootdelay=0
cpu=armv7
da=mw.b 0x01000000 ff 0x800000;tftpboot 0x01000000 u-boot.bin.img;sf probe 0;flwrite
dc=mw.b 0x01000000 ff 0x800000;tftpboot 0x01000000 custom-x.squashfs.img;sf probe 0;flwrite
dd=mw.b 0x01000000 ff 0x800000;tftpboot 0x01000000 mtd-x.jffs2.img;sf probe 0;flwrite
de=mw.b 0x01000000 ff 0x800000;tftpboot 0x01000000 u-boot.env.img;sf probe 0;flwrite
df=mw.b 0x01000000 ff 100000;tftpboot 0x01000000 fdt.bin.img;flwrite
dl=mw.b 0x01000000 ff 0x800000;tftpboot 0x01000000 logo-x.squashfs.img;sf probe 0;flwrite
dr=mw.b 0x01000000 ff 0x800000;tftpboot 0x01000000 romfs-x.squashfs.img;sf probe 0;flwrite
du=mw.b 0x01000000 ff 0x800000;tftpboot 0x01000000 user-x.squashfs.img;sf probe 0;flwrite
dw=mw.b 0x01000000 ff 0x800000;tftpboot 0x01000000 web-x.squashfs.img;sf probe 0;flwrite
eth1addr=00:00:23:34:45:77
ethact=eth_na51089
ethaddr=00:12:31:98:71:6a
ethprime=eth0
fdt_high=0x04000000
fdtcontroladdr=3bd4140
gatewayip=192.168.68.254
hostname=oaalnx
ipaddr=192.168.68.101
ld=mw.b 0x01000000 ff 100000;tftpboot 0x01000000 loader.bin.img;flwrite
loadlogo=sf probe 0;sf read 0x02000000  ;logoload 0x02000000;decjpg 0;bootlogo
loadromfs=sf probe 0;sf read 0x02000000 0x40000 0x2E0000;squashfsload;nvt_boot
mtdids=nor0=spi_nor.0
mtdparts=mtdparts=spi_nor.0:0x10000@0x0(loader),0x30000@0x10000(boot),0x2e0000@0x40000(romfs),0x420000@0x320000(usr),0x40000@0x740000(web),0x30000@0x780000(custom),0x50000@0x7b0000(mtd)
netmask=255.255.255.0
osmem=40M
serverip=192.168.68.100
soc=nvt-na51055
stderr=serial
stdin=serial
stdout=serial
tk=tftpboot 0x01000000 uImage;setenv setargs setenv bootargs ${bootargs};run setargs;nvt_boot 0x01000000
ua=mw.b 0x01000000 ff 0x800000;tftpboot 0x01000000 upall_verify.img;sf probe 0;flwrite
up=mw.b 0x01000000 ff 0x800000;tftpboot 0x01000000 update.img;sf probe 0;flwrite
vendor=novatek
ver=U-Boot 2019.04 (Apr 28 2021 - 19:51:51 +0800)
 
Environment size: 2338/65532 bytes
